int --> (-1, -1)
IDENTIFIER --> (45, 0)
int --> (-1, -1)
IDENTIFIER --> (34, 0)
= --> (-1, -1)
CONST --> (94, 0)
cout --> (-1, -1)
<< --> (-1, -1)
CONST --> (3, 0)
cin --> (-1, -1)
>> --> (-1, -1)
IDENTIFIER --> (45, 0)
for --> (-1, -1)
[ --> (-1, -1)
int --> (-1, -1)
IDENTIFIER --> (5, 0)
= --> (-1, -1)
CONST --> (49, 0)
. --> (-1, -1)
IDENTIFIER --> (5, 0)
<= --> (-1, -1)
IDENTIFIER --> (45, 0)
. --> (-1, -1)
IDENTIFIER --> (5, 0)
++ --> (-1, -1)
] --> (-1, -1)
{ --> (-1, -1)
IDENTIFIER --> (34, 0)
= --> (-1, -1)
IDENTIFIER --> (34, 0)
* --> (-1, -1)
IDENTIFIER --> (5, 0)
} --> (-1, -1)
cout --> (-1, -1)
<< --> (-1, -1)
IDENTIFIER --> (34, 0)
